# JRE version: OpenJDK Runtime Environment (11.0.13) (build 11.0.13+0-b1751.21-8125866)
# Java VM: OpenJDK 64-Bit Server VM (11.0.13+0-b1751.21-8125866, mixed mode, tiered, compressed oops, g1 gc, windows-amd64)
Heap:
 garbage-first heap   total 321536K, used 227791K [0x00000000a0000000, 0x0000000100000000)
  region size 1024K, 10 young (10240K), 3 survivors (3072K)
 Metaspace       used 104151K, capacity 107629K, committed 107856K, reserved 1142784K
  class space    used 13244K, capacity 14473K, committed 14592K, reserved 1048576K
GC Heap History (20 events):
Event: 42.276 GC heap before
{Heap before GC invocations=67 (full 0):
 garbage-first heap   total 241664K, used 191580K [0x00000000a0000000, 0x0000000100000000)
  region size 1024K, 76 young (77824K), 3 survivors (3072K)
 Metaspace       used 93484K, capacity 96686K, committed 96848K, reserved 1132544K
  class space    used 12119K, capacity 13271K, committed 13312K, reserved 1048576K
}
Event: 42.289 GC heap after
{Heap after GC invocations=68 (full 0):
 garbage-first heap   total 241664K, used 122274K [0x00000000a0000000, 0x0000000100000000)
  region size 1024K, 8 young (8192K), 8 survivors (8192K)
 Metaspace       used 93484K, capacity 96686K, committed 96848K, reserved 1132544K
  class space    used 12119K, capacity 13271K, committed 13312K, reserved 1048576K
}
Event: 42.929 GC heap before
{Heap before GC invocations=69 (full 0):
 garbage-first heap   total 241664K, used 157090K [0x00000000a0000000, 0x0000000100000000)
  region size 1024K, 44 young (45056K), 8 survivors (8192K)
 Metaspace       used 94982K, capacity 98285K, committed 98512K, reserved 1134592K
  class space    used 12230K, capacity 13394K, committed 13440K, reserved 1048576K
}
Event: 42.945 GC heap after
{Heap after GC invocations=70 (full 0):
 garbage-first heap   total 241664K, used 124554K [0x00000000a0000000, 0x0000000100000000)
  region size 1024K, 8 young (8192K), 8 survivors (8192K)
 Metaspace       used 94982K, capacity 98285K, committed 98512K, reserved 1134592K
  class space    used 12230K, capacity 13394K, committed 13440K, reserved 1048576K
}
Event: 43.151 GC heap before
{Heap before GC invocations=71 (full 0):
 garbage-first heap   total 259072K, used 238218K [0x00000000a0000000, 0x0000000100000000)
  region size 1024K, 12 young (12288K), 8 survivors (8192K)
 Metaspace       used 94983K, capacity 98285K, committed 98512K, reserved 1134592K
  class space    used 12230K, capacity 13394K, committed 13440K, reserved 1048576K
}
Event: 43.161 GC heap after
{Heap after GC invocations=72 (full 0):
 garbage-first heap   total 259072K, used 165941K [0x00000000a0000000, 0x0000000100000000)
  region size 1024K, 3 young (3072K), 3 survivors (3072K)
 Metaspace       used 94983K, capacity 98285K, committed 98512K, reserved 1134592K
  class space    used 12230K, capacity 13394K, committed 13440K, reserved 1048576K
}
Event: 43.422 GC heap before
{Heap before GC invocations=73 (full 0):
 garbage-first heap   total 274432K, used 267317K [0x00000000a0000000, 0x0000000100000000)
  region size 1024K, 6 young (6144K), 3 survivors (3072K)
 Metaspace       used 94986K, capacity 98279K, committed 98512K, reserved 1134592K
  class space    used 12229K, capacity 13392K, committed 13440K, reserved 1048576K
}
Event: 43.428 GC heap after
{Heap after GC invocations=74 (full 0):
 garbage-first heap   total 274432K, used 141941K [0x00000000a0000000, 0x0000000100000000)
  region size 1024K, 3 young (3072K), 3 survivors (3072K)
 Metaspace       used 94986K, capacity 98279K, committed 98512K, reserved 1134592K
  class space    used 12229K, capacity 13392K, committed 13440K, reserved 1048576K
}
Event: 44.148 GC heap before
{Heap before GC invocations=75 (full 0):
 garbage-first heap   total 274432K, used 222837K [0x00000000a0000000, 0x0000000100000000)
  region size 1024K, 68 young (69632K), 3 survivors (3072K)
 Metaspace       used 99737K, capacity 103015K, committed 103248K, reserved 1138688K
  class space    used 12824K, capacity 13968K, committed 14080K, reserved 1048576K
}
Event: 44.155 GC heap after
{Heap after GC invocations=76 (full 0):
 garbage-first heap   total 274432K, used 126579K [0x00000000a0000000, 0x0000000100000000)
  region size 1024K, 5 young (5120K), 5 survivors (5120K)
 Metaspace       used 99737K, capacity 103015K, committed 103248K, reserved 1138688K
  class space    used 12824K, capacity 13968K, committed 14080K, reserved 1048576K
}
Event: 45.896 GC heap before
{Heap before GC invocations=76 (full 0):
 garbage-first heap   total 274432K, used 205427K [0x00000000a0000000, 0x0000000100000000)
  region size 1024K, 83 young (84992K), 5 survivors (5120K)
 Metaspace       used 101307K, capacity 104578K, committed 104912K, reserved 1140736K
  class space    used 12960K, capacity 14127K, committed 14208K, reserved 1048576K
}
Event: 45.911 GC heap after
{Heap after GC invocations=77 (full 0):
 garbage-first heap   total 274432K, used 131772K [0x00000000a0000000, 0x0000000100000000)
  region size 1024K, 10 young (10240K), 10 survivors (10240K)
 Metaspace       used 101307K, capacity 104578K, committed 104912K, reserved 1140736K
  class space    used 12960K, capacity 14127K, committed 14208K, reserved 1048576K
}
Event: 297.587 GC heap before
{Heap before GC invocations=77 (full 0):
 garbage-first heap   total 274432K, used 211644K [0x00000000a0000000, 0x0000000100000000)
  region size 1024K, 89 young (91136K), 10 survivors (10240K)
 Metaspace       used 102818K, capacity 106155K, committed 106448K, reserved 1140736K
  class space    used 13153K, capacity 14349K, committed 14464K, reserved 1048576K
}
Event: 297.845 GC heap after
{Heap after GC invocations=78 (full 0):
 garbage-first heap   total 274432K, used 136469K [0x00000000a0000000, 0x0000000100000000)
  region size 1024K, 11 young (11264K), 11 survivors (11264K)
 Metaspace       used 102818K, capacity 106155K, committed 106448K, reserved 1140736K
  class space    used 13153K, capacity 14349K, committed 14464K, reserved 1048576K
}
Event: 303.025 GC heap before
{Heap before GC invocations=78 (full 0):
 garbage-first heap   total 274432K, used 215317K [0x00000000a0000000, 0x0000000100000000)
  region size 1024K, 89 young (91136K), 11 survivors (11264K)
 Metaspace       used 103448K, capacity 106945K, committed 107216K, reserved 1142784K
  class space    used 13191K, capacity 14404K, committed 14464K, reserved 1048576K
}
Event: 303.092 GC heap after
{Heap after GC invocations=79 (full 0):
 garbage-first heap   total 274432K, used 147732K [0x00000000a0000000, 0x0000000100000000)
  region size 1024K, 12 young (12288K), 12 survivors (12288K)
 Metaspace       used 103448K, capacity 106945K, committed 107216K, reserved 1142784K
  class space    used 13191K, capacity 14404K, committed 14464K, reserved 1048576K
}
Event: 308.669 GC heap before
{Heap before GC invocations=80 (full 0):
 garbage-first heap   total 274432K, used 216340K [0x00000000a0000000, 0x0000000100000000)
  region size 1024K, 80 young (81920K), 12 survivors (12288K)
 Metaspace       used 104061K, capacity 107577K, committed 107856K, reserved 1142784K
  class space    used 13247K, capacity 14482K, committed 14592K, reserved 1048576K
}
Event: 308.697 GC heap after
{Heap after GC invocations=81 (full 0):
 garbage-first heap   total 274432K, used 158360K [0x00000000a0000000, 0x0000000100000000)
  region size 1024K, 10 young (10240K), 10 survivors (10240K)
 Metaspace       used 104061K, capacity 107577K, committed 107856K, reserved 1142784K
  class space    used 13247K, capacity 14482K, committed 14592K, reserved 1048576K
}
Event: 309.124 GC heap before
{Heap before GC invocations=81 (full 0):
 garbage-first heap   total 274432K, used 172696K [0x00000000a0000000, 0x0000000100000000)
  region size 1024K, 26 young (26624K), 10 survivors (10240K)
 Metaspace       used 104178K, capacity 107724K, committed 107856K, reserved 1142784K
  class space    used 13262K, capacity 14507K, committed 14592K, reserved 1048576K
}
Event: 309.144 GC heap after
{Heap after GC invocations=82 (full 0):
 garbage-first heap   total 274432K, used 160207K [0x00000000a0000000, 0x0000000100000000)
  region size 1024K, 3 young (3072K), 3 survivors (3072K)
 Metaspace       used 104178K, capacity 107724K, committed 107856K, reserved 1142784K
  class space    used 13262K, capacity 14507K, committed 14592K, reserved 1048576K
}

